{"C:\\Users\\Ernest\\WebstormProjects\\tickettrack\\Backend\\backend.js": {"path":"C:\\Users\\Ernest\\WebstormProjects\\tickettrack\\Backend\\backend.js","statementMap":{"0":{"start":{"line":1,"column":16},"end":{"line":1,"column":34}},"1":{"start":{"line":2,"column":19},"end":{"line":2,"column":41}},"2":{"start":{"line":3,"column":17},"end":{"line":3,"column":42}},"3":{"start":{"line":4,"column":13},"end":{"line":4,"column":28}},"4":{"start":{"line":5,"column":12},"end":{"line":5,"column":35}},"5":{"start":{"line":8,"column":22},"end":{"line":14,"column":1}},"6":{"start":{"line":9,"column":2},"end":{"line":13,"column":4}},"7":{"start":{"line":16,"column":12},"end":{"line":16,"column":21}},"8":{"start":{"line":17,"column":13},"end":{"line":17,"column":17}},"9":{"start":{"line":19,"column":0},"end":{"line":19,"column":27}},"10":{"start":{"line":21,"column":15},"end":{"line":21,"column":52}},"11":{"start":{"line":22,"column":0},"end":{"line":22,"column":45}},"12":{"start":{"line":25,"column":11},"end":{"line":25,"column":37}},"13":{"start":{"line":28,"column":21},"end":{"line":31,"column":1}},"14":{"start":{"line":29,"column":2},"end":{"line":29,"column":23}},"15":{"start":{"line":30,"column":2},"end":{"line":30,"column":59}},"16":{"start":{"line":34,"column":20},"end":{"line":46,"column":1}},"17":{"start":{"line":35,"column":16},"end":{"line":35,"column":44}},"18":{"start":{"line":36,"column":2},"end":{"line":38,"column":3}},"19":{"start":{"line":37,"column":4},"end":{"line":37,"column":64}},"20":{"start":{"line":39,"column":2},"end":{"line":45,"column":5}},"21":{"start":{"line":40,"column":4},"end":{"line":42,"column":5}},"22":{"start":{"line":41,"column":6},"end":{"line":41,"column":62}},"23":{"start":{"line":43,"column":4},"end":{"line":43,"column":23}},"24":{"start":{"line":44,"column":4},"end":{"line":44,"column":11}},"25":{"start":{"line":49,"column":0},"end":{"line":66,"column":3}},"26":{"start":{"line":69,"column":0},"end":{"line":84,"column":3}},"27":{"start":{"line":70,"column":33},"end":{"line":70,"column":41}},"28":{"start":{"line":73,"column":15},"end":{"line":75,"column":28}},"29":{"start":{"line":77,"column":2},"end":{"line":83,"column":3}},"30":{"start":{"line":79,"column":18},"end":{"line":79,"column":37}},"31":{"start":{"line":80,"column":4},"end":{"line":80,"column":24}},"32":{"start":{"line":82,"column":4},"end":{"line":82,"column":68}},"33":{"start":{"line":87,"column":0},"end":{"line":100,"column":3}},"34":{"start":{"line":88,"column":2},"end":{"line":99,"column":3}},"35":{"start":{"line":89,"column":42},"end":{"line":89,"column":50}},"36":{"start":{"line":92,"column":19},"end":{"line":94,"column":37}},"37":{"start":{"line":96,"column":4},"end":{"line":96,"column":62}},"38":{"start":{"line":98,"column":4},"end":{"line":98,"column":29}},"39":{"start":{"line":103,"column":0},"end":{"line":118,"column":3}},"40":{"start":{"line":104,"column":2},"end":{"line":117,"column":3}},"41":{"start":{"line":105,"column":46},"end":{"line":105,"column":54}},"42":{"start":{"line":108,"column":19},"end":{"line":112,"column":41}},"43":{"start":{"line":114,"column":4},"end":{"line":114,"column":76}},"44":{"start":{"line":116,"column":4},"end":{"line":116,"column":29}},"45":{"start":{"line":121,"column":0},"end":{"line":145,"column":3}},"46":{"start":{"line":122,"column":2},"end":{"line":144,"column":3}},"47":{"start":{"line":123,"column":49},"end":{"line":123,"column":57}},"48":{"start":{"line":124,"column":21},"end":{"line":124,"column":40}},"49":{"start":{"line":126,"column":4},"end":{"line":126,"column":80}},"50":{"start":{"line":129,"column":19},"end":{"line":133,"column":54}},"51":{"start":{"line":135,"column":4},"end":{"line":141,"column":5}},"52":{"start":{"line":136,"column":6},"end":{"line":136,"column":49}},"53":{"start":{"line":137,"column":6},"end":{"line":137,"column":58}},"54":{"start":{"line":139,"column":6},"end":{"line":139,"column":60}},"55":{"start":{"line":140,"column":6},"end":{"line":140,"column":59}},"56":{"start":{"line":143,"column":4},"end":{"line":143,"column":29}},"57":{"start":{"line":148,"column":0},"end":{"line":194,"column":3}},"58":{"start":{"line":149,"column":2},"end":{"line":193,"column":3}},"59":{"start":{"line":151,"column":18},"end":{"line":154,"column":5}},"60":{"start":{"line":157,"column":24},"end":{"line":162,"column":6}},"61":{"start":{"line":158,"column":21},"end":{"line":160,"column":54}},"62":{"start":{"line":161,"column":6},"end":{"line":161,"column":53}},"63":{"start":{"line":165,"column":20},"end":{"line":178,"column":5}},"64":{"start":{"line":181,"column":26},"end":{"line":188,"column":6}},"65":{"start":{"line":182,"column":21},"end":{"line":186,"column":71}},"66":{"start":{"line":187,"column":6},"end":{"line":187,"column":55}},"67":{"start":{"line":190,"column":4},"end":{"line":190,"column":61}},"68":{"start":{"line":192,"column":4},"end":{"line":192,"column":29}},"69":{"start":{"line":197,"column":0},"end":{"line":206,"column":3}},"70":{"start":{"line":198,"column":2},"end":{"line":205,"column":3}},"71":{"start":{"line":200,"column":19},"end":{"line":200,"column":58}},"72":{"start":{"line":202,"column":4},"end":{"line":202,"column":21}},"73":{"start":{"line":204,"column":4},"end":{"line":204,"column":29}},"74":{"start":{"line":209,"column":0},"end":{"line":224,"column":3}},"75":{"start":{"line":210,"column":2},"end":{"line":223,"column":3}},"76":{"start":{"line":211,"column":15},"end":{"line":211,"column":28}},"77":{"start":{"line":214,"column":19},"end":{"line":214,"column":73}},"78":{"start":{"line":216,"column":4},"end":{"line":220,"column":5}},"79":{"start":{"line":217,"column":6},"end":{"line":217,"column":56}},"80":{"start":{"line":219,"column":6},"end":{"line":219,"column":23}},"81":{"start":{"line":222,"column":4},"end":{"line":222,"column":29}},"82":{"start":{"line":227,"column":0},"end":{"line":236,"column":3}},"83":{"start":{"line":228,"column":2},"end":{"line":235,"column":3}},"84":{"start":{"line":230,"column":19},"end":{"line":230,"column":60}},"85":{"start":{"line":232,"column":4},"end":{"line":232,"column":21}},"86":{"start":{"line":234,"column":4},"end":{"line":234,"column":29}},"87":{"start":{"line":239,"column":0},"end":{"line":256,"column":3}},"88":{"start":{"line":240,"column":2},"end":{"line":255,"column":3}},"89":{"start":{"line":241,"column":21},"end":{"line":241,"column":40}},"90":{"start":{"line":244,"column":19},"end":{"line":246,"column":20}},"91":{"start":{"line":248,"column":4},"end":{"line":252,"column":5}},"92":{"start":{"line":249,"column":6},"end":{"line":249,"column":58}},"93":{"start":{"line":251,"column":6},"end":{"line":251,"column":23}},"94":{"start":{"line":254,"column":4},"end":{"line":254,"column":29}},"95":{"start":{"line":259,"column":0},"end":{"line":272,"column":3}},"96":{"start":{"line":260,"column":2},"end":{"line":271,"column":3}},"97":{"start":{"line":263,"column":4},"end":{"line":263,"column":42}},"98":{"start":{"line":266,"column":4},"end":{"line":266,"column":44}},"99":{"start":{"line":268,"column":4},"end":{"line":268,"column":59}},"100":{"start":{"line":270,"column":4},"end":{"line":270,"column":29}},"101":{"start":{"line":275,"column":0},"end":{"line":277,"column":3}},"102":{"start":{"line":276,"column":2},"end":{"line":276,"column":34}},"103":{"start":{"line":279,"column":0},"end":{"line":281,"column":3}},"104":{"start":{"line":280,"column":2},"end":{"line":280,"column":51}},"105":{"start":{"line":283,"column":0},"end":{"line":286,"column":2}}},"fnMap":{"0":{"name":"(anonymous_0)","decl":{"start":{"line":8,"column":22},"end":{"line":8,"column":23}},"loc":{"start":{"line":8,"column":32},"end":{"line":14,"column":1}},"line":8},"1":{"name":"(anonymous_1)","decl":{"start":{"line":28,"column":21},"end":{"line":28,"column":22}},"loc":{"start":{"line":28,"column":37},"end":{"line":31,"column":1}},"line":28},"2":{"name":"(anonymous_2)","decl":{"start":{"line":34,"column":20},"end":{"line":34,"column":21}},"loc":{"start":{"line":34,"column":40},"end":{"line":46,"column":1}},"line":34},"3":{"name":"(anonymous_3)","decl":{"start":{"line":39,"column":39},"end":{"line":39,"column":40}},"loc":{"start":{"line":39,"column":57},"end":{"line":45,"column":3}},"line":39},"4":{"name":"(anonymous_4)","decl":{"start":{"line":69,"column":23},"end":{"line":69,"column":24}},"loc":{"start":{"line":69,"column":37},"end":{"line":84,"column":1}},"line":69},"5":{"name":"(anonymous_5)","decl":{"start":{"line":87,"column":36},"end":{"line":87,"column":37}},"loc":{"start":{"line":87,"column":50},"end":{"line":100,"column":1}},"line":87},"6":{"name":"(anonymous_6)","decl":{"start":{"line":103,"column":38},"end":{"line":103,"column":39}},"loc":{"start":{"line":103,"column":52},"end":{"line":118,"column":1}},"line":103},"7":{"name":"(anonymous_7)","decl":{"start":{"line":121,"column":47},"end":{"line":121,"column":48}},"loc":{"start":{"line":121,"column":61},"end":{"line":145,"column":1}},"line":121},"8":{"name":"(anonymous_8)","decl":{"start":{"line":148,"column":23},"end":{"line":148,"column":24}},"loc":{"start":{"line":148,"column":37},"end":{"line":194,"column":1}},"line":148},"9":{"name":"(anonymous_9)","decl":{"start":{"line":157,"column":34},"end":{"line":157,"column":35}},"loc":{"start":{"line":157,"column":44},"end":{"line":162,"column":5}},"line":157},"10":{"name":"(anonymous_10)","decl":{"start":{"line":181,"column":38},"end":{"line":181,"column":39}},"loc":{"start":{"line":181,"column":50},"end":{"line":188,"column":5}},"line":181},"11":{"name":"(anonymous_11)","decl":{"start":{"line":197,"column":35},"end":{"line":197,"column":36}},"loc":{"start":{"line":197,"column":49},"end":{"line":206,"column":1}},"line":197},"12":{"name":"(anonymous_12)","decl":{"start":{"line":209,"column":39},"end":{"line":209,"column":40}},"loc":{"start":{"line":209,"column":53},"end":{"line":224,"column":1}},"line":209},"13":{"name":"(anonymous_13)","decl":{"start":{"line":227,"column":37},"end":{"line":227,"column":38}},"loc":{"start":{"line":227,"column":51},"end":{"line":236,"column":1}},"line":227},"14":{"name":"(anonymous_14)","decl":{"start":{"line":239,"column":47},"end":{"line":239,"column":48}},"loc":{"start":{"line":239,"column":61},"end":{"line":256,"column":1}},"line":239},"15":{"name":"(anonymous_15)","decl":{"start":{"line":259,"column":36},"end":{"line":259,"column":37}},"loc":{"start":{"line":259,"column":50},"end":{"line":272,"column":1}},"line":259},"16":{"name":"(anonymous_16)","decl":{"start":{"line":275,"column":26},"end":{"line":275,"column":27}},"loc":{"start":{"line":275,"column":40},"end":{"line":277,"column":1}},"line":275},"17":{"name":"(anonymous_17)","decl":{"start":{"line":279,"column":17},"end":{"line":279,"column":18}},"loc":{"start":{"line":279,"column":23},"end":{"line":281,"column":1}},"line":279}},"branchMap":{"0":{"loc":{"start":{"line":36,"column":2},"end":{"line":38,"column":3}},"type":"if","locations":[{"start":{"line":36,"column":2},"end":{"line":38,"column":3}},{"start":{},"end":{}}],"line":36},"1":{"loc":{"start":{"line":40,"column":4},"end":{"line":42,"column":5}},"type":"if","locations":[{"start":{"line":40,"column":4},"end":{"line":42,"column":5}},{"start":{},"end":{}}],"line":40},"2":{"loc":{"start":{"line":77,"column":2},"end":{"line":83,"column":3}},"type":"if","locations":[{"start":{"line":77,"column":2},"end":{"line":83,"column":3}},{"start":{"line":81,"column":9},"end":{"line":83,"column":3}}],"line":77},"3":{"loc":{"start":{"line":135,"column":4},"end":{"line":141,"column":5}},"type":"if","locations":[{"start":{"line":135,"column":4},"end":{"line":141,"column":5}},{"start":{"line":138,"column":11},"end":{"line":141,"column":5}}],"line":135},"4":{"loc":{"start":{"line":216,"column":4},"end":{"line":220,"column":5}},"type":"if","locations":[{"start":{"line":216,"column":4},"end":{"line":220,"column":5}},{"start":{"line":218,"column":11},"end":{"line":220,"column":5}}],"line":216},"5":{"loc":{"start":{"line":248,"column":4},"end":{"line":252,"column":5}},"type":"if","locations":[{"start":{"line":248,"column":4},"end":{"line":252,"column":5}},{"start":{"line":250,"column":11},"end":{"line":252,"column":5}}],"line":248}},"s":{"0":1,"1":1,"2":1,"3":1,"4":1,"5":1,"6":1,"7":1,"8":1,"9":1,"10":1,"11":1,"12":1,"13":1,"14":0,"15":0,"16":1,"17":0,"18":0,"19":0,"20":0,"21":0,"22":0,"23":0,"24":0,"25":1,"26":1,"27":0,"28":0,"29":0,"30":0,"31":0,"32":0,"33":1,"34":0,"35":0,"36":0,"37":0,"38":0,"39":1,"40":0,"41":0,"42":0,"43":0,"44":0,"45":1,"46":0,"47":0,"48":0,"49":0,"50":0,"51":0,"52":0,"53":0,"54":0,"55":0,"56":0,"57":1,"58":0,"59":0,"60":0,"61":0,"62":0,"63":0,"64":0,"65":0,"66":0,"67":0,"68":0,"69":1,"70":0,"71":0,"72":0,"73":0,"74":1,"75":0,"76":0,"77":0,"78":0,"79":0,"80":0,"81":0,"82":1,"83":0,"84":0,"85":0,"86":0,"87":1,"88":0,"89":0,"90":0,"91":0,"92":0,"93":0,"94":0,"95":1,"96":0,"97":0,"98":0,"99":0,"100":0,"101":1,"102":0,"103":1,"104":0,"105":1},"f":{"0":1,"1":0,"2":0,"3":0,"4":0,"5":0,"6":0,"7":0,"8":0,"9":0,"10":0,"11":0,"12":0,"13":0,"14":0,"15":0,"16":0,"17":0},"b":{"0":[0,0],"1":[0,0],"2":[0,0],"3":[0,0],"4":[0,0],"5":[0,0]},"_coverageSchema":"1a1c01bbd47fc00a2c39e90264f33305004495a9","hash":"6438cb4650dbb7632077a162daf7d0a0e85341c2"}
}
