TN:
SF:Backend\backend.js
FN:8,(anonymous_0)
FN:28,(anonymous_1)
FN:34,(anonymous_2)
FN:39,(anonymous_3)
FN:69,(anonymous_4)
FN:87,(anonymous_5)
FN:103,(anonymous_6)
FN:121,(anonymous_7)
FN:148,(anonymous_8)
FN:157,(anonymous_9)
FN:181,(anonymous_10)
FN:197,(anonymous_11)
FN:209,(anonymous_12)
FN:227,(anonymous_13)
FN:239,(anonymous_14)
FN:259,(anonymous_15)
FN:275,(anonymous_16)
FN:279,(anonymous_17)
FNF:18
FNH:1
FNDA:1,(anonymous_0)
FNDA:0,(anonymous_1)
FNDA:0,(anonymous_2)
FNDA:0,(anonymous_3)
FNDA:0,(anonymous_4)
FNDA:0,(anonymous_5)
FNDA:0,(anonymous_6)
FNDA:0,(anonymous_7)
FNDA:0,(anonymous_8)
FNDA:0,(anonymous_9)
FNDA:0,(anonymous_10)
FNDA:0,(anonymous_11)
FNDA:0,(anonymous_12)
FNDA:0,(anonymous_13)
FNDA:0,(anonymous_14)
FNDA:0,(anonymous_15)
FNDA:0,(anonymous_16)
FNDA:0,(anonymous_17)
DA:1,1
DA:2,1
DA:3,1
DA:4,1
DA:5,1
DA:8,1
DA:9,1
DA:16,1
DA:17,1
DA:19,1
DA:21,1
DA:22,1
DA:25,1
DA:28,1
DA:29,0
DA:30,0
DA:34,1
DA:35,0
DA:36,0
DA:37,0
DA:39,0
DA:40,0
DA:41,0
DA:43,0
DA:44,0
DA:49,1
DA:69,1
DA:70,0
DA:73,0
DA:77,0
DA:79,0
DA:80,0
DA:82,0
DA:87,1
DA:88,0
DA:89,0
DA:92,0
DA:96,0
DA:98,0
DA:103,1
DA:104,0
DA:105,0
DA:108,0
DA:114,0
DA:116,0
DA:121,1
DA:122,0
DA:123,0
DA:124,0
DA:126,0
DA:129,0
DA:135,0
DA:136,0
DA:137,0
DA:139,0
DA:140,0
DA:143,0
DA:148,1
DA:149,0
DA:151,0
DA:157,0
DA:158,0
DA:161,0
DA:165,0
DA:181,0
DA:182,0
DA:187,0
DA:190,0
DA:192,0
DA:197,1
DA:198,0
DA:200,0
DA:202,0
DA:204,0
DA:209,1
DA:210,0
DA:211,0
DA:214,0
DA:216,0
DA:217,0
DA:219,0
DA:222,0
DA:227,1
DA:228,0
DA:230,0
DA:232,0
DA:234,0
DA:239,1
DA:240,0
DA:241,0
DA:244,0
DA:248,0
DA:249,0
DA:251,0
DA:254,0
DA:259,1
DA:260,0
DA:263,0
DA:266,0
DA:268,0
DA:270,0
DA:275,1
DA:276,0
DA:279,1
DA:280,0
DA:283,1
LF:106
LH:29
BRDA:36,0,0,0
BRDA:36,0,1,0
BRDA:40,1,0,0
BRDA:40,1,1,0
BRDA:77,2,0,0
BRDA:77,2,1,0
BRDA:135,3,0,0
BRDA:135,3,1,0
BRDA:216,4,0,0
BRDA:216,4,1,0
BRDA:248,5,0,0
BRDA:248,5,1,0
BRF:12
BRH:0
end_of_record
